#
# A fatal error has been detected by the Java Runtime Environment:
#
#  Internal Error (os_windows_x86.cpp:144), pid=9564, tid=0x0000000000000e70
#  guarantee(result == EXCEPTION_CONTINUE_EXECUTION) failed: Unexpected result from topLevelExceptionFilter
#
# JRE version: Java(TM) SE Runtime Environment (8.0_333-b02) (build 1.8.0_333-b02)
# Java VM: Java HotSpot(TM) 64-Bit Server VM (25.333-b02 mixed mode windows-amd64 compressed oops)
# Failed to write core dump. Minidumps are not enabled by default on client versions of Windows
#
# If you would like to submit a bug report, please visit:
#   http://bugreport.java.com/bugreport/crash.jsp
# The crash happened outside the Java Virtual Machine in native code.
# See problematic frame for where to report the bug.
#

---------------  T H R E A D  ---------------

Current thread (0x0000022446a71800):  JavaThread "Python Reference Queue" daemon [_thread_in_native, id=3696, stack(0x000000ad38e10000,0x000000ad39000000)]

Stack: [0x000000ad38e10000,0x000000ad39000000]
Native frames: (J=compiled Java code, j=interpreted, Vv=VM code, C=native code)
C  0x0000000068dffc49
C  0x0000000068d461a2
C  0x0000000068d46e4d
C  0x0000000068d3d777
C  0x0000000068dff8cc
C  [ntdll.dll+0xa209f]
C  [ntdll.dll+0x51454]
C  [ntdll.dll+0xa0bce]
C  0x00007ff9f47d8bbd
C  0x00007ff9f47d8bf2
C  0x00007ff9f46f4b44
C  0x00007ff9f46f7793
C  0x00007ffa164748e3
C  [python39.dll+0x95d38]
C  [python39.dll+0x85464]
C  [python39.dll+0x85536]
C  [python39.dll+0x848aa]
C  [python39.dll+0x84565]
C  [python39.dll+0x15df22]
C  0x00007ffa119d8244
C  0x000002244ac0a02e

Java frames: (J=compiled Java code, j=interpreted, Vv=VM code)
j  org.jpype.ref.JPypeReferenceNative.wake()V+0
j  org.jpype.ref.JPypeReferenceQueue$Worker.run()V+42
j  java.lang.Thread.run()V+11
v  ~StubRoutines::call_stub

---------------  P R O C E S S  ---------------

Java Threads: ( => current thread )
=>0x0000022446a71800 JavaThread "Python Reference Queue" daemon [_thread_in_native, id=3696, stack(0x000000ad38e10000,0x000000ad39000000)]
  0x00000224468dc800 JavaThread "Service Thread" daemon [_thread_blocked, id=15724, stack(0x000000ad38a30000,0x000000ad38c20000)]
  0x000002244467d000 JavaThread "C1 CompilerThread3" daemon [_thread_blocked, id=13376, stack(0x000000ad38840000,0x000000ad38a30000)]
  0x000002244467c800 JavaThread "C2 CompilerThread2" daemon [_thread_in_native, id=3884, stack(0x000000ad38650000,0x000000ad38840000)]
  0x0000022444679800 JavaThread "C2 CompilerThread1" daemon [_thread_blocked, id=16944, stack(0x000000ad38460000,0x000000ad38650000)]
  0x000002244467b800 JavaThread "C2 CompilerThread0" daemon [_thread_blocked, id=17392, stack(0x000000ad38270000,0x000000ad38460000)]
  0x0000022446830000 JavaThread "Attach Listener" daemon [_thread_blocked, id=17696, stack(0x000000ad38080000,0x000000ad38270000)]
  0x0000022446860000 JavaThread "Signal Dispatcher" daemon [_thread_blocked, id=17044, stack(0x000000ad37e90000,0x000000ad38080000)]
  0x000002244681e000 JavaThread "Finalizer" daemon [_thread_blocked, id=4080, stack(0x000000ad37ca0000,0x000000ad37e90000)]
  0x0000022446818000 JavaThread "Reference Handler" daemon [_thread_blocked, id=15784, stack(0x000000ad37ab0000,0x000000ad37ca0000)]
  0x000002244650b800 JavaThread "main" [_thread_in_vm, id=15932, stack(0x000000ad34200000,0x000000ad343f0000)]

Other Threads:
  0x0000022446811000 VMThread [stack: 0x000000ad378c0000,0x000000ad37ab0000] [id=8464]
  0x0000022441087000 WatcherThread [stack: 0x000000ad38c20000,0x000000ad38e10000] [id=17976]

VM state:not at safepoint (normal execution)

VM Mutex/Monitor currently owned by a thread:  ([mutex/lock_event])
[0x0000022442671e80] AdapterHandlerLibrary_lock - owner thread: 0x000002244650b800

heap address: 0x00000000c0000000, size: 1024 MB, Compressed Oops mode: 32-bit
Narrow klass base: 0x0000000000000000, Narrow klass shift: 3
Compressed class space size: 1073741824 Address: 0x0000000100000000

Heap:
 PSYoungGen      total 36864K, used 10137K [0x00000000eab00000, 0x00000000ed400000, 0x0000000100000000)
  eden space 31744K, 31% used [0x00000000eab00000,0x00000000eb4e6450,0x00000000eca00000)
  from space 5120K, 0% used [0x00000000eca00000,0x00000000eca00000,0x00000000ecf00000)
  to   space 5120K, 0% used [0x00000000ecf00000,0x00000000ecf00000,0x00000000ed400000)
 ParOldGen       total 84992K, used 1058K [0x00000000c0000000, 0x00000000c5300000, 0x00000000eab00000)
  object space 84992K, 1% used [0x00000000c0000000,0x00000000c0108a10,0x00000000c5300000)
 Metaspace       used 4857K, capacity 5084K, committed 5248K, reserved 1056768K
  class space    used 558K, capacity 635K, committed 640K, reserved 1048576K

Card table byte_map: [0x0000022448b30000,0x0000022448d40000] byte_map_base: 0x0000022448530000

Marking Bits: (ParMarkBitMap*) 0x00000000692b9030
 Begin Bits: [0x0000022459d50000, 0x000002245ad50000)
 End Bits:   [0x000002245ad50000, 0x000002245bd50000)

Polling page: 0x0000022448740000

CodeCache: size=245760Kb used=2072Kb max_used=2076Kb free=243687Kb
 bounds [0x000002244abf0000, 0x000002244ae60000, 0x0000022459bf0000]
 total_blobs=747 nmethods=450 adapters=210
 compilation: enabled

Compilation events (10 events):
Event: 0.517 Thread 0x000002244467d000 nmethod 237 0x000002244ad716d0 code [0x000002244ad71820, 0x000002244ad719b8]
Event: 0.695 Thread 0x000002244467d000  246       3       java.util.LinkedList::add (7 bytes)
Event: 0.695 Thread 0x000002244467d000 nmethod 246 0x000002244ad77c10 code [0x000002244ad77d80, 0x000002244ad77f10]
Event: 0.695 Thread 0x000002244467d000  247       3       java.util.LinkedList::linkLast (59 bytes)
Event: 0.695 Thread 0x000002244467d000 nmethod 247 0x000002244ad77610 code [0x000002244ad77780, 0x000002244ad77ad8]
Event: 0.695 Thread 0x000002244467d000  248       3       java.util.LinkedList$Node::<init> (20 bytes)
Event: 0.695 Thread 0x000002244467d000 nmethod 248 0x000002244ad77210 code [0x000002244ad77360, 0x000002244ad77558]
Event: 0.696 Thread 0x000002244467d000  251       3       sun.misc.ProxyGenerator$ConstantPool$IndirectEntry::equals (49 bytes)
Event: 0.696 Thread 0x000002244467d000 nmethod 251 0x000002244ad76b90 code [0x000002244ad76d00, 0x000002244ad77158]
Event: 0.696 Thread 0x000002244467d000  253       3       java.io.DataOutputStream::writeUTF (435 bytes)

GC Heap History (4 events):
Event: 0.507 GC heap before
{Heap before GC invocations=1 (full 0):
 PSYoungGen      total 36864K, used 3944K [0x00000000eab00000, 0x00000000ed400000, 0x0000000100000000)
  eden space 31744K, 12% used [0x00000000eab00000,0x00000000eaeda0d0,0x00000000eca00000)
  from space 5120K, 0% used [0x00000000ecf00000,0x00000000ecf00000,0x00000000ed400000)
  to   space 5120K, 0% used [0x00000000eca00000,0x00000000eca00000,0x00000000ecf00000)
 ParOldGen       total 84992K, used 0K [0x00000000c0000000, 0x00000000c5300000, 0x00000000eab00000)
  object space 84992K, 0% used [0x00000000c0000000,0x00000000c0000000,0x00000000c5300000)
 Metaspace       used 4015K, capacity 4738K, committed 4864K, reserved 1056768K
  class space    used 462K, capacity 498K, committed 512K, reserved 1048576K
Event: 0.508 GC heap after
Heap after GC invocations=1 (full 0):
 PSYoungGen      total 36864K, used 1225K [0x00000000eab00000, 0x00000000ed400000, 0x0000000100000000)
  eden space 31744K, 0% used [0x00000000eab00000,0x00000000eab00000,0x00000000eca00000)
  from space 5120K, 23% used [0x00000000eca00000,0x00000000ecb32630,0x00000000ecf00000)
  to   space 5120K, 0% used [0x00000000ecf00000,0x00000000ecf00000,0x00000000ed400000)
 ParOldGen       total 84992K, used 8K [0x00000000c0000000, 0x00000000c5300000, 0x00000000eab00000)
  object space 84992K, 0% used [0x00000000c0000000,0x00000000c0002000,0x00000000c5300000)
 Metaspace       used 4015K, capacity 4738K, committed 4864K, reserved 1056768K
  class space    used 462K, capacity 498K, committed 512K, reserved 1048576K
}
Event: 0.508 GC heap before
{Heap before GC invocations=2 (full 1):
 PSYoungGen      total 36864K, used 1225K [0x00000000eab00000, 0x00000000ed400000, 0x0000000100000000)
  eden space 31744K, 0% used [0x00000000eab00000,0x00000000eab00000,0x00000000eca00000)
  from space 5120K, 23% used [0x00000000eca00000,0x00000000ecb32630,0x00000000ecf00000)
  to   space 5120K, 0% used [0x00000000ecf00000,0x00000000ecf00000,0x00000000ed400000)
 ParOldGen       total 84992K, used 8K [0x00000000c0000000, 0x00000000c5300000, 0x00000000eab00000)
  object space 84992K, 0% used [0x00000000c0000000,0x00000000c0002000,0x00000000c5300000)
 Metaspace       used 4015K, capacity 4738K, committed 4864K, reserved 1056768K
  class space    used 462K, capacity 498K, committed 512K, reserved 1048576K
Event: 0.513 GC heap after
Heap after GC invocations=2 (full 1):
 PSYoungGen      total 36864K, used 0K [0x00000000eab00000, 0x00000000ed400000, 0x0000000100000000)
  eden space 31744K, 0% used [0x00000000eab00000,0x00000000eab00000,0x00000000eca00000)
  from space 5120K, 0% used [0x00000000eca00000,0x00000000eca00000,0x00000000ecf00000)
  to   space 5120K, 0% used [0x00000000ecf00000,0x00000000ecf00000,0x00000000ed400000)
 ParOldGen       total 84992K, used 1058K [0x00000000c0000000, 0x00000000c5300000, 0x00000000eab00000)
  object space 84992K, 1% used [0x00000000c0000000,0x00000000c0108a10,0x00000000c5300000)
 Metaspace       used 4015K, capacity 4738K, committed 4864K, reserved 1056768K
  class space    used 462K, capacity 498K, committed 512K, reserved 1048576K
}

Deoptimization events (0 events):
No events

Classes redefined (0 events):
No events

Internal exceptions (5 events):
Event: 0.150 Thread 0x000002244650b800 Exception <a 'java/lang/NoSuchMethodError': Method sun.misc.Unsafe.defineClass(Ljava/lang/String;[BII)Ljava/lang/Class; name or signature does not match> (0x00000000eab07cc0) thrown at [C:\jenkins\workspace\8-2-build-windows-amd64-cygwin\jdk8u333\2551\hot
Event: 0.150 Thread 0x000002244650b800 Exception <a 'java/lang/NoSuchMethodError': Method sun.misc.Unsafe.prefetchRead(Ljava/lang/Object;J)V name or signature does not match> (0x00000000eab07fa8) thrown at [C:\jenkins\workspace\8-2-build-windows-amd64-cygwin\jdk8u333\2551\hotspot\src\share\vm\
Event: 0.267 Thread 0x000002244650b800 Exception <a 'java/lang/NoClassDefFoundError': org/jpype/classloader/DynamicClassLoader> (0x00000000eac2d350) thrown at [C:\jenkins\workspace\8-2-build-windows-amd64-cygwin\jdk8u333\2551\hotspot\src\share\vm\classfile\systemDictionary.cpp, line 201]
Event: 0.371 Thread 0x000002244650b800 Exception <a 'sun/nio/fs/WindowsException'> (0x00000000eadd7940) thrown at [C:\jenkins\workspace\8-2-build-windows-amd64-cygwin\jdk8u333\2551\hotspot\src\share\vm\prims\jni.cpp, line 710]
Event: 0.373 Thread 0x000002244650b800 Exception <a 'sun/nio/fs/WindowsException'> (0x00000000eadd9148) thrown at [C:\jenkins\workspace\8-2-build-windows-amd64-cygwin\jdk8u333\2551\hotspot\src\share\vm\prims\jni.cpp, line 710]

Events (10 events):
Event: 0.506 Executing VM operation: ParallelGCSystemGC
Event: 0.513 Executing VM operation: ParallelGCSystemGC done
Event: 0.695 loading class java/util/function/ToDoubleFunction
Event: 0.695 loading class java/util/function/ToDoubleFunction done
Event: 0.695 loading class java/util/function/ToIntFunction
Event: 0.695 loading class java/util/function/ToIntFunction done
Event: 0.695 loading class java/util/function/ToLongFunction
Event: 0.695 loading class java/util/function/ToLongFunction done
Event: 0.696 loading class java/lang/annotation/Documented
Event: 0.696 loading class java/lang/annotation/Documented done


Dynamic libraries:
0x00007ff730c00000 - 0x00007ff730c1c000 	C:\Users\offbe\Anaconda3\envs\tensor\python.exe
0x00007ffa4e7d0000 - 0x00007ffa4e9c5000 	C:\WINDOWS\SYSTEM32\ntdll.dll
0x00007ffa4cb70000 - 0x00007ffa4cc2d000 	C:\WINDOWS\System32\KERNEL32.DLL
0x00007ffa4bf80000 - 0x00007ffa4c24d000 	C:\WINDOWS\System32\KERNELBASE.dll
0x00007ffa4c720000 - 0x00007ffa4c820000 	C:\WINDOWS\System32\ucrtbase.dll
0x00007ff9e8de0000 - 0x00007ff9e9256000 	C:\Users\offbe\Anaconda3\envs\tensor\python39.dll
0x00007ffa45080000 - 0x00007ffa45099000 	C:\Users\offbe\Anaconda3\envs\tensor\lib\site-packages\numpy\random\_mt19937.cp39-win_amd64.pyd
0x00007ffa4d3a0000 - 0x00007ffa4d40b000 	C:\WINDOWS\System32\WS2_32.dll
0x00007ffa4ceb0000 - 0x00007ffa4cfd5000 	C:\WINDOWS\System32\RPCRT4.dll
0x00007ffa4c820000 - 0x00007ffa4c8ce000 	C:\WINDOWS\System32\ADVAPI32.dll
0x00007ffa4e6c0000 - 0x00007ffa4e75e000 	C:\WINDOWS\System32\msvcrt.dll
0x00007ffa4cad0000 - 0x00007ffa4cb6c000 	C:\WINDOWS\System32\sechost.dll
0x00007ffa428f0000 - 0x00007ffa428fa000 	C:\WINDOWS\SYSTEM32\VERSION.dll
0x00007ffa4b890000 - 0x00007ffa4b8a8000 	C:\WINDOWS\SYSTEM32\CRYPTSP.dll
0x00007ffa4afb0000 - 0x00007ffa4afe4000 	C:\WINDOWS\system32\rsaenh.dll
0x00007ffa4c540000 - 0x00007ffa4c567000 	C:\WINDOWS\System32\bcrypt.dll
0x00007ffa4b8b0000 - 0x00007ffa4b8bc000 	C:\Users\offbe\Anaconda3\envs\tensor\Library\bin\mkl_intel_thread.1.dll
0x00007ffa4c250000 - 0x00007ffa4c2d2000 	C:\WINDOWS\System32\bcryptPrimitives.dll
0x00007ffa45070000 - 0x00007ffa4507f000 	C:\Users\offbe\Anaconda3\envs\tensor\python3.DLL
0x00007ffa437f0000 - 0x00007ffa43806000 	C:\Users\offbe\Anaconda3\envs\tensor\DLLs\_socket.pyd
0x00007ffa4b340000 - 0x00007ffa4b37b000 	C:\Users\offbe\Anaconda3\envs\tensor\Library\bin\mkl_core.1.dll
0x00007ffa437e0000 - 0x00007ffa437ea000 	C:\Users\offbe\Anaconda3\envs\tensor\DLLs\select.pyd
0x00007ffa29ad0000 - 0x00007ffa29af7000 	C:\Users\offbe\Anaconda3\envs\tensor\DLLs\_ssl.pyd
0x00007ffa4c330000 - 0x00007ffa4c486000 	C:\WINDOWS\System32\CRYPT32.dll
0x00007ff9c1ea0000 - 0x00007ff9c1f4c000 	C:\Users\offbe\Anaconda3\envs\tensor\Library\bin\libssl-1_1-x64.dll
0x00007ff9c1f50000 - 0x00007ff9c229c000 	C:\Users\offbe\Anaconda3\envs\tensor\Library\bin\libcrypto-1_1-x64.dll
0x00007ffa4c8d0000 - 0x00007ffa4ca70000 	C:\WINDOWS\System32\USER32.dll
0x00007ffa4bf50000 - 0x00007ffa4bf72000 	C:\WINDOWS\System32\win32u.dll
0x00007ffa4d570000 - 0x00007ffa4d59a000 	C:\WINDOWS\System32\GDI32.dll
0x00007ffa4c570000 - 0x00007ffa4c67b000 	C:\WINDOWS\System32\gdi32full.dll
0x00007ffa4c680000 - 0x00007ffa4c71d000 	C:\WINDOWS\System32\msvcp_win.dll
0x00007ffa4e760000 - 0x00007ffa4e790000 	C:\WINDOWS\System32\IMM32.DLL
0x00007ffa35380000 - 0x00007ffa35392000 	C:\Users\offbe\Anaconda3\envs\tensor\DLLs\_asyncio.pyd
0x00007ffa36e40000 - 0x00007ffa36e4d000 	C:\Users\offbe\Anaconda3\envs\tensor\DLLs\_overlapped.pyd
0x00007ffa4b6a0000 - 0x00007ffa4b70a000 	C:\WINDOWS\system32\mswsock.dll
0x00007ffa44fe0000 - 0x00007ffa44ff7000 	C:\Users\offbe\Anaconda3\envs\tensor\DLLs\_bz2.pyd
0x00007ffa44fb0000 - 0x00007ffa44fda000 	C:\Users\offbe\Anaconda3\envs\tensor\DLLs\_lzma.pyd
0x00007ffa42680000 - 0x00007ffa42689000 	C:\Users\offbe\Anaconda3\envs\tensor\DLLs\_queue.pyd
0x00007ff9e7660000 - 0x00007ff9e7702000 	C:\Users\offbe\Anaconda3\envs\tensor\lib\site-packages\zmq\libzmq.cp39-win_amd64.pyd
0x00007ffa29a00000 - 0x00007ffa29a99000 	C:\Users\offbe\Anaconda3\envs\tensor\lib\site-packages\scipy\sparse\csgraph\_traversal.cp39-win_amd64.pyd
0x00007ff9e9a10000 - 0x00007ff9e9a25000 	C:\Users\offbe\Anaconda3\envs\tensor\lib\site-packages\zmq\backend\cython\constants.cp39-win_amd64.pyd
0x00007ff9e94d0000 - 0x00007ff9e94dc000 	C:\Users\offbe\Anaconda3\envs\tensor\lib\site-packages\scipy\sparse\csgraph\_min_spanning_tree.cp39-win_amd64.pyd
0x00007ff9e9340000 - 0x00007ff9e9359000 	C:\Users\offbe\Anaconda3\envs\tensor\lib\site-packages\zmq\backend\cython\message.cp39-win_amd64.pyd
0x00007ff9e9320000 - 0x00007ff9e9334000 	C:\Users\offbe\Anaconda3\envs\tensor\lib\site-packages\scipy\sparse\csgraph\_flow.cp39-win_amd64.pyd
0x00007ff9e7630000 - 0x00007ff9e7654000 	C:\Users\offbe\Anaconda3\envs\tensor\lib\site-packages\zmq\backend\cython\socket.cp39-win_amd64.pyd
0x00007ff9e7620000 - 0x00007ff9e762e000 	C:\Users\offbe\Anaconda3\envs\tensor\lib\site-packages\scipy\sparse\csgraph\_matching.cp39-win_amd64.pyd
0x00007ff9e7600000 - 0x00007ff9e7614000 	C:\Users\offbe\Anaconda3\envs\tensor\lib\site-packages\zmq\backend\cython\_poll.cp39-win_amd64.pyd
0x00007ff9e75f0000 - 0x00007ff9e75fc000 	C:\Users\offbe\Anaconda3\envs\tensor\lib\site-packages\zmq\backend\cython\_version.cp39-win_amd64.pyd
0x00007ff9e75d0000 - 0x00007ff9e75e2000 	C:\Users\offbe\Anaconda3\envs\tensor\lib\site-packages\scipy\spatial\_voronoi.cp39-win_amd64.pyd
0x00007ff9e75c0000 - 0x00007ff9e75d0000 	C:\Users\offbe\Anaconda3\envs\tensor\lib\site-packages\scipy\linalg\_fblas.cp39-win_amd64.pyd
0x00007ffa1c330000 - 0x00007ffa1c341000 	C:\Users\offbe\Anaconda3\envs\tensor\DLLs\_hashlib.pyd
0x00007ff9e9a40000 - 0x00007ff9e9a47000 	C:\Users\offbe\Anaconda3\envs\tensor\lib\site-packages\scipy\linalg\_flapack.cp39-win_amd64.pyd
0x00007ff9c2770000 - 0x00007ff9c2790000 	C:\Users\offbe\Anaconda3\envs\tensor\DLLs\_ctypes.pyd
0x00007ffa4cc40000 - 0x00007ffa4cd6a000 	C:\Users\offbe\Anaconda3\envs\tensor\lib\site-packages\scipy\linalg\_flinalg.cp39-win_amd64.pyd
0x00007ffa4d5a0000 - 0x00007ffa4d8f4000 	C:\WINDOWS\System32\combase.dll
0x00007ffa45040000 - 0x00007ffa4504b000 	C:\Users\offbe\Anaconda3\envs\tensor\DLLs\libffi-7.dll
0x00007ffa4e4e0000 - 0x00007ffa4e5ad000 	C:\WINDOWS\System32\OLEAUT32.dll
0x00007ffa35610000 - 0x00007ffa35653000 	C:\Users\offbe\Anaconda3\envs\tensor\DLLs\_decimal.pyd
0x00007ffa44fa0000 - 0x00007ffa44fa8000 	C:\Users\offbe\Anaconda3\envs\tensor\DLLs\_uuid.pyd
0x00007ffa4d900000 - 0x00007ffa4e044000 	C:\WINDOWS\System32\shell32.DLL
0x00007ff9e7590000 - 0x00007ff9e75a8000 	C:\Users\offbe\Anaconda3\envs\tensor\DLLs\_sqlite3.pyd
0x00007ff9c1d30000 - 0x00007ff9c1e95000 	C:\Users\offbe\Anaconda3\envs\tensor\Library\bin\sqlite3.dll
0x00007ff9e9a50000 - 0x00007ff9e9b64000 	C:\Users\offbe\Anaconda3\envs\tensor\DLLs\unicodedata.pyd
0x00007ffa354a0000 - 0x00007ffa354d3000 	C:\Users\offbe\Anaconda3\envs\tensor\DLLs\pyexpat.pyd
0x00007ffa2c670000 - 0x00007ffa2c693000 	C:\Users\offbe\Anaconda3\envs\tensor\lib\site-packages\win32\win32api.pyd
0x00007ffa45000000 - 0x00007ffa45025000 	C:\Users\offbe\Anaconda3\envs\tensor\Library\bin\pywintypes39.dll
0x00007ffa23cd0000 - 0x00007ffa23cdc000 	C:\WINDOWS\SYSTEM32\secur32.dll
0x00007ffa4bda0000 - 0x00007ffa4bdd2000 	C:\WINDOWS\SYSTEM32\SSPICLI.DLL
0x00007ffa45030000 - 0x00007ffa45037000 	C:\Users\offbe\Anaconda3\envs\tensor\lib\site-packages\win32\_win32sysloader.pyd
0x00007ffa051d0000 - 0x00007ffa05260000 	C:\Users\offbe\Anaconda3\envs\tensor\Library\bin\pythoncom39.dll
0x00007ffa4a770000 - 0x00007ffa4a782000 	C:\WINDOWS\SYSTEM32\kernel.appcore.dll
0x00007ffa46b30000 - 0x00007ffa46bce000 	C:\WINDOWS\system32\uxtheme.dll
0x00007ffa36830000 - 0x00007ffa36a1c000 	C:\WINDOWS\SYSTEM32\urlmon.dll
0x00007ffa36d30000 - 0x00007ffa36d58000 	C:\WINDOWS\SYSTEM32\srvcli.dll
0x00007ffa3cb70000 - 0x00007ffa3ce21000 	C:\WINDOWS\SYSTEM32\iertutil.dll
0x00007ffa4d410000 - 0x00007ffa4d4bd000 	C:\WINDOWS\System32\shcore.dll
0x00007ffa4b450000 - 0x00007ffa4b45c000 	C:\WINDOWS\SYSTEM32\netutils.dll
0x00007ff9e5c10000 - 0x00007ff9e5c6b000 	C:\Users\offbe\Anaconda3\envs\tensor\lib\site-packages\debugpy\_vendored\pydevd\_pydevd_bundle\pydevd_cython.cp39-win_amd64.pyd
0x00007ffa42870000 - 0x00007ffa42877000 	C:\WINDOWS\system32\wshunix.dll
0x00007ffa4e690000 - 0x00007ffa4e698000 	C:\WINDOWS\System32\NSI.dll
0x00007ffa40570000 - 0x00007ffa40587000 	C:\WINDOWS\SYSTEM32\dhcpcsvc6.DLL
0x00007ffa42410000 - 0x00007ffa4242d000 	C:\WINDOWS\SYSTEM32\dhcpcsvc.DLL
0x00007ffa4b380000 - 0x00007ffa4b44b000 	C:\WINDOWS\SYSTEM32\DNSAPI.dll
0x00007ffa20d20000 - 0x00007ffa20d45000 	C:\Users\offbe\Anaconda3\envs\tensor\lib\site-packages\win32\win32security.pyd
0x00007ffa2ebe0000 - 0x00007ffa2ebfa000 	C:\WINDOWS\SYSTEM32\NETAPI32.dll
0x0000022442cd0000 - 0x0000022442cd3000 	C:\WINDOWS\SYSTEM32\security.dll
0x00007ffa20cf0000 - 0x00007ffa20d1a000 	C:\WINDOWS\SYSTEM32\ntdsapi.dll
0x00007ffa4b460000 - 0x00007ffa4b4a4000 	C:\WINDOWS\SYSTEM32\LOGONCLI.DLL
0x00007ffa45130000 - 0x00007ffa4513a000 	C:\Users\offbe\Anaconda3\envs\tensor\lib\site-packages\sklearn\__check_build\_check_build.cp39-win_amd64.pyd
0x00007ff9e7350000 - 0x00007ff9e7357000 	C:\Users\offbe\Anaconda3\envs\tensor\lib\site-packages\mkl\_mklinit.cp39-win_amd64.pyd
0x00007ff9e5fb0000 - 0x00007ff9e7349000 	C:\Users\offbe\Anaconda3\envs\tensor\Library\bin\mkl_rt.1.dll
0x00007ff9e5f90000 - 0x00007ff9e5faf000 	C:\Users\offbe\Anaconda3\envs\tensor\lib\site-packages\mkl\_py_mkl_service.cp39-win_amd64.pyd
0x00007ff9c1a20000 - 0x00007ff9c1d27000 	C:\Users\offbe\Anaconda3\envs\tensor\lib\site-packages\numpy\core\_multiarray_umath.cp39-win_amd64.pyd
0x00007ff9c2740000 - 0x00007ff9c2762000 	C:\Users\offbe\Anaconda3\envs\tensor\lib\site-packages\numpy\core\_multiarray_tests.cp39-win_amd64.pyd
0x00007ff9c19f0000 - 0x00007ff9c1a1f000 	C:\Users\offbe\Anaconda3\envs\tensor\lib\site-packages\numpy\linalg\_umath_linalg.cp39-win_amd64.pyd
0x00007ff9c2720000 - 0x00007ff9c2740000 	C:\Users\offbe\Anaconda3\envs\tensor\lib\site-packages\numpy\fft\_pocketfft_internal.cp39-win_amd64.pyd
0x00007ff9c25d0000 - 0x00007ff9c2664000 	C:\Users\offbe\Anaconda3\envs\tensor\lib\site-packages\numpy\random\mtrand.cp39-win_amd64.pyd
0x00007ff9c25a0000 - 0x00007ff9c25c9000 	C:\Users\offbe\Anaconda3\envs\tensor\lib\site-packages\numpy\random\bit_generator.cp39-win_amd64.pyd
0x00007ff9c2560000 - 0x00007ff9c2592000 	C:\Users\offbe\Anaconda3\envs\tensor\lib\site-packages\numpy\random\_common.cp39-win_amd64.pyd
0x00007ff9c2510000 - 0x00007ff9c2552000 	C:\Users\offbe\Anaconda3\envs\tensor\lib\site-packages\numpy\random\_bounded_integers.cp39-win_amd64.pyd
0x00007ff9c24f0000 - 0x00007ff9c2508000 	C:\Users\offbe\Anaconda3\envs\tensor\lib\site-packages\numpy\random\_mt19937.cp39-win_amd64.pyd
0x00007ff9c24d0000 - 0x00007ff9c24e7000 	C:\Users\offbe\Anaconda3\envs\tensor\lib\site-packages\numpy\random\_philox.cp39-win_amd64.pyd
0x00007ff9c24b0000 - 0x00007ff9c24c9000 	C:\Users\offbe\Anaconda3\envs\tensor\lib\site-packages\numpy\random\_pcg64.cp39-win_amd64.pyd
0x00007ff9c2490000 - 0x00007ff9c24a2000 	C:\Users\offbe\Anaconda3\envs\tensor\lib\site-packages\numpy\random\_sfc64.cp39-win_amd64.pyd
0x00007ff9c1940000 - 0x00007ff9c19ef000 	C:\Users\offbe\Anaconda3\envs\tensor\lib\site-packages\numpy\random\_generator.cp39-win_amd64.pyd
0x00007ff9df260000 - 0x00007ff9e26aa000 	C:\Users\offbe\Anaconda3\envs\tensor\Library\bin\mkl_intel_thread.1.dll
0x00007ff9da790000 - 0x00007ff9df25e000 	C:\Users\offbe\Anaconda3\envs\tensor\Library\bin\mkl_core.1.dll
0x00007ff9d6fc0000 - 0x00007ff9da78b000 	C:\Users\offbe\Anaconda3\envs\tensor\Library\bin\mkl_avx512.1.dll
0x00007ff9e3900000 - 0x00007ff9e4700000 	C:\Users\offbe\Anaconda3\envs\tensor\Library\bin\mkl_vml_avx512.1.dll
0x00007ff985ef0000 - 0x00007ff985f04000 	C:\Users\offbe\Anaconda3\envs\tensor\lib\site-packages\scipy\_lib\_ccallback_c.cp39-win_amd64.pyd
0x00007ff985cd0000 - 0x00007ff985ee9000 	C:\Users\offbe\Anaconda3\envs\tensor\lib\site-packages\scipy\sparse\_sparsetools.cp39-win_amd64.pyd
0x00007ff985c50000 - 0x00007ff985cc9000 	C:\Users\offbe\Anaconda3\envs\tensor\lib\site-packages\scipy\sparse\_csparsetools.cp39-win_amd64.pyd
0x00007ff985bf0000 - 0x00007ff985c44000 	C:\Users\offbe\Anaconda3\envs\tensor\lib\site-packages\scipy\sparse\csgraph\_shortest_path.cp39-win_amd64.pyd
0x00007ff985bc0000 - 0x00007ff985be4000 	C:\Users\offbe\Anaconda3\envs\tensor\lib\site-packages\scipy\sparse\csgraph\_tools.cp39-win_amd64.pyd
0x00007ff985b90000 - 0x00007ff985bb2000 	C:\Users\offbe\Anaconda3\envs\tensor\lib\site-packages\scipy\sparse\csgraph\_traversal.cp39-win_amd64.pyd
0x00007ff985b60000 - 0x00007ff985b8d000 	C:\Users\offbe\Anaconda3\envs\tensor\lib\site-packages\scipy\sparse\csgraph\_min_spanning_tree.cp39-win_amd64.pyd
0x00007ff985b20000 - 0x00007ff985b56000 	C:\Users\offbe\Anaconda3\envs\tensor\lib\site-packages\scipy\sparse\csgraph\_flow.cp39-win_amd64.pyd
0x00007ff985ae0000 - 0x00007ff985b1d000 	C:\Users\offbe\Anaconda3\envs\tensor\lib\site-packages\scipy\sparse\csgraph\_matching.cp39-win_amd64.pyd
0x00007ff985aa0000 - 0x00007ff985ad8000 	C:\Users\offbe\Anaconda3\envs\tensor\lib\site-packages\scipy\sparse\csgraph\_reordering.cp39-win_amd64.pyd
0x00007ffa45100000 - 0x00007ffa45117000 	C:\Users\offbe\Anaconda3\envs\tensor\lib\site-packages\sklearn\utils\murmurhash.cp39-win_amd64.pyd
0x00007ffa35c00000 - 0x00007ffa35c09000 	C:\Users\offbe\Anaconda3\envs\tensor\DLLs\_multiprocessing.pyd
0x00007ffa0e8c0000 - 0x00007ffa0e944000 	C:\Users\offbe\Anaconda3\envs\tensor\lib\site-packages\scipy\spatial\ckdtree.cp39-win_amd64.pyd
0x00007ffa0e7f0000 - 0x00007ffa0e8c0000 	C:\Users\offbe\Anaconda3\envs\tensor\lib\site-packages\scipy\spatial\qhull.cp39-win_amd64.pyd
0x00007ffa450f0000 - 0x00007ffa450ff000 	C:\Users\offbe\Anaconda3\envs\tensor\lib\site-packages\scipy\_lib\messagestream.cp39-win_amd64.pyd
0x00007ffa40de0000 - 0x00007ffa40e0a000 	C:\Users\offbe\Anaconda3\envs\tensor\lib\site-packages\scipy\spatial\_voronoi.cp39-win_amd64.pyd
0x00007ffa0e750000 - 0x00007ffa0e7e1000 	C:\Users\offbe\Anaconda3\envs\tensor\lib\site-packages\scipy\linalg\_fblas.cp39-win_amd64.pyd
0x00007ffa0e570000 - 0x00007ffa0e741000 	C:\Users\offbe\Anaconda3\envs\tensor\lib\site-packages\scipy\linalg\_flapack.cp39-win_amd64.pyd
0x00007ffa44480000 - 0x00007ffa44492000 	C:\Users\offbe\Anaconda3\envs\tensor\lib\site-packages\scipy\linalg\_flinalg.cp39-win_amd64.pyd

VM Arguments:
jvm_args: -Dfile.encoding=UTF8 -ea -Xmx1024m 
java_command: <unknown>
java_class_path (initial): C:\Users\offbe\Anaconda3\envs\tensor\Lib\site-packages\konlpy\java;C:\Users\offbe\Anaconda3\envs\tensor\Lib\site-packages\konlpy\java\bin;C:\Users\offbe\Anaconda3\envs\tensor\Lib\site-packages\konlpy\java\aho-corasick.jar;C:\Users\offbe\Anaconda3\envs\tensor\Lib\site-packages\konlpy\java\jhannanum-0.8.4.jar;C:\Users\offbe\Anaconda3\envs\tensor\Lib\site-packages\konlpy\java\kkma-2.0.jar;C:\Users\offbe\Anaconda3\envs\tensor\Lib\site-packages\konlpy\java\komoran-3.0.jar;C:\Users\offbe\Anaconda3\envs\tensor\Lib\site-packages\konlpy\java\open-korean-text-2.1.0.jar;C:\Users\offbe\Anaconda3\envs\tensor\Lib\site-packages\konlpy\java\scala-library-2.12.3.jar;C:\Users\offbe\Anaconda3\envs\tensor\Lib\site-packages\konlpy\java\shineware-common-1.0.jar;C:\Users\offbe\Anaconda3\envs\tensor\Lib\site-packages\konlpy\java\shineware-ds-1.0.jar;C:\Users\offbe\Anaconda3\envs\tensor\Lib\site-packages\konlpy\java\snakeyaml-1.12.jar;C:\Users\offbe\Anaconda3\envs\tensor\Lib\site-packages\konlpy\java\twitter-text-1.14.7.jar;C:\Users\offbe\Anaconda3\envs\tensor\Lib\site-packages\konlpy\java\jhannanum-0.8.4.jar;C:\Users\offbe\Anaconda3\envs\tensor\Lib\site-packages\konlpy\java\kkma-2.0.jar;C:\Users\offbe\Anaconda3\envs\tensor\Lib\site-packages\konlpy\java\aho-corasick.jar;C:\Users\offbe\Anaconda3\envs\tensor\Lib\site-packages\konlpy\java\shineware-common-1.0.jar;C:\Users\offbe\Anaconda3\envs\tensor\Lib\site-packages\konlpy\java\shineware-ds-1.0.jar;C:\Users\offbe\Anaconda3\envs\tensor\Lib\site-packages\konlpy\java\komoran-3.0.jar;C:\Users\offbe\Anaconda3\envs\tensor\Lib\site-packages\konlpy\java\snakeyaml-1.12.jar;C:\Users\offbe\Anaconda3\envs\tensor\Lib\site-packages\konlpy\java\scala-library-2.12.3.jar;C:\Users\offbe\Anaconda3\envs\tensor\Lib\site-packages\konlpy\java\open-korean-text-2.1.0.jar;C:\Users\offbe\Anaconda3\envs\tensor\Lib\site-packages\konlpy\java\twitter-text-1.14.7.jar;C:\Users\offbe\Anaconda3\envs\tensor\Lib\site-packages\konlpy\java\aho-corasick
Launcher Type: generic

Environment Variables:
PATH=C:\Users\offbe\Anaconda3\envs\tensor;C:\Users\offbe\Anaconda3\envs\tensor\Library\mingw-w64\bin;C:\Users\offbe\Anaconda3\envs\tensor\Library\usr\bin;C:\Users\offbe\Anaconda3\envs\tensor\Library\bin;C:\Users\offbe\Anaconda3\envs\tensor\Scripts;C:\Users\offbe\Anaconda3\envs\tensor\bin;C:\Users\offbe\Anaconda3\condabin;C:\Users\offbe\Anaconda3;C:\Users\offbe\Anaconda3\Library\mingw-w64\bin;C:\Users\offbe\Anaconda3\Library\usr\bin;C:\Users\offbe\Anaconda3\Library\bin;C:\Users\offbe\Anaconda3\Scripts;C:\Program Files\Common Files\Oracle\Java\javapath;C:\windows\system32;C:\windows;C:\windows\System32\Wbem;C:\windows\System32\WindowsPowerShell\v1.0;C:\windows\System32\OpenSSH;C:\Program Files (x86)\NVIDIA Corporation\PhysX\Common;C:\Program Files\NVIDIA Corporation\NVIDIA NvDLISR;C:\WINDOWS\system32;C:\WINDOWS;C:\WINDOWS\System32\Wbem;C:\WINDOWS\System32\WindowsPowerShell\v1.0;C:\WINDOWS\System32\OpenSSH;C:\Program Files\Git\cmd;C:\Users\offbe\Anaconda3;C:\Users\offbe\Anaconda3\Library\mingw-w64\bin;C:\Users\offbe\Anaconda3\Library\usr\bin;C:\Users\offbe\Anaconda3\Library\bin;C:\Users\offbe\Anaconda3\Scripts;C:\Users\offbe\AppData\Local\Microsoft\WindowsApps;C:\Program Files\JetBrains\PyCharm 2022.1.1\bin;.
USERNAME=offbe
OS=Windows_NT
PROCESSOR_IDENTIFIER=Intel64 Family 6 Model 140 Stepping 1, GenuineIntel



---------------  S Y S T E M  ---------------

OS: Windows 10 , 64 bit Build 19041 (10.0.19041.1706)

CPU:total 8 (initial active 8) (4 cores per cpu, 2 threads per core) family 6 model 140 stepping 1, cmov, cx8, fxsr, mmx, sse, sse2, sse3, ssse3, sse4.1, sse4.2, popcnt, avx, avx2, aes, clmul, erms, 3dnowpref, lzcnt, ht, tsc, tscinvbit, bmi1, bmi2, adx

Memory: 4k page, physical 8054040k(1978448k free), swap 20487108k(7405144k free)

vm_info: Java HotSpot(TM) 64-Bit Server VM (25.333-b02) for windows-amd64 JRE (1.8.0_333-b02), built on Apr 25 2022 22:49:11 by "java_re" with MS VC++ 15.9 (VS2017)

time: Thu Jun  2 16:35:55 2022
timezone: 대한민국 표준시
elapsed time: 0.842252 seconds (0d 0h 0m 0s)

